  Application.cpp
  ResourceManagers.cpp
  Space.cpp
  Font.cpp
  GameButton.cpp
  Sprite2D.cpp
C:\Users\NGUYENLINH\Desktop\Spacefr\TrainingFramework\src\GameObject\Sprite2D.cpp(143,11): warning C4244: 'initializing': conversion from 'double' to 'float', possible loss of data
C:\Users\NGUYENLINH\Desktop\Spacefr\TrainingFramework\src\GameObject\Sprite2D.cpp(144,11): warning C4244: 'initializing': conversion from 'double' to 'float', possible loss of data
C:\Users\NGUYENLINH\Desktop\Spacefr\TrainingFramework\src\GameObject\Sprite2D.cpp(154,11): warning C4244: 'initializing': conversion from 'double' to 'float', possible loss of data
C:\Users\NGUYENLINH\Desktop\Spacefr\TrainingFramework\src\GameObject\Sprite2D.cpp(155,11): warning C4244: 'initializing': conversion from 'double' to 'float', possible loss of data
  Camera.cpp
  Sprite3D.cpp
  Models.cpp
C:\Users\NGUYENLINH\Desktop\Spacefr\TrainingFramework\src\GameObject\Models.cpp(10,3): warning C4477: 'printf' : format string '%s' requires an argument of type 'char *', but variadic argument 1 has type 'const std::string'
C:\Users\NGUYENLINH\Desktop\Spacefr\TrainingFramework\src\GameObject\Models.cpp(13,2): warning C4477: 'printf' : format string '%s' requires an argument of type 'char *', but variadic argument 1 has type 'const std::string'
C:\Users\NGUYENLINH\Desktop\Spacefr\TrainingFramework\src\GameObject\Models.cpp(25,18): warning C4244: 'initializing': conversion from 'std::streamoff' to 'size_t', possible loss of data
C:\Users\NGUYENLINH\Desktop\Spacefr\TrainingFramework\src\GameObject\Models.cpp(35,12): warning C4996: 'sscanf': This function or variable may be unsafe. Consider using sscanf_s instead. To disable deprecation, use _CRT_SECURE_NO_WARNINGS. See online help for details.
C:\Users\NGUYENLINH\Desktop\Spacefr\TrainingFramework\src\GameObject\Models.cpp(40,9): warning C4996: 'sscanf': This function or variable may be unsafe. Consider using sscanf_s instead. To disable deprecation, use _CRT_SECURE_NO_WARNINGS. See online help for details.
C:\Users\NGUYENLINH\Desktop\Spacefr\TrainingFramework\src\GameObject\Models.cpp(62,8): warning C4996: 'sscanf': This function or variable may be unsafe. Consider using sscanf_s instead. To disable deprecation, use _CRT_SECURE_NO_WARNINGS. See online help for details.
C:\Users\NGUYENLINH\Desktop\Spacefr\TrainingFramework\src\GameObject\Models.cpp(68,9): warning C4996: 'sscanf': This function or variable may be unsafe. Consider using sscanf_s instead. To disable deprecation, use _CRT_SECURE_NO_WARNINGS. See online help for details.
  Shaders.cpp
C:\Users\NGUYENLINH\Desktop\Spacefr\TrainingFramework\src\GameObject\Shaders.cpp(21,2): warning C4477: 'printf' : format string '%s' requires an argument of type 'char *', but variadic argument 1 has type 'const std::string'
C:\Users\NGUYENLINH\Desktop\Spacefr\TrainingFramework\src\GameObject\Shaders.cpp(21,2): warning C4477: 'printf' : format string '%s' requires an argument of type 'char *', but variadic argument 2 has type 'const std::string'
C:\Users\NGUYENLINH\Desktop\Spacefr\TrainingFramework\src\GameObject\Shaders.cpp(25,3): warning C4477: 'printf' : format string '%s' requires an argument of type 'char *', but variadic argument 1 has type 'const std::string'
C:\Users\NGUYENLINH\Desktop\Spacefr\TrainingFramework\src\GameObject\Shaders.cpp(32,3): warning C4477: 'printf' : format string '%s' requires an argument of type 'char *', but variadic argument 1 has type 'const std::string'
C:\Users\NGUYENLINH\Desktop\Spacefr\TrainingFramework\src\GameObject\Shaders.cpp(44,2): warning C4477: 'printf' : format string '%s' requires an argument of type 'char *', but variadic argument 1 has type 'const std::string'
C:\Users\NGUYENLINH\Desktop\Spacefr\TrainingFramework\src\GameObject\Shaders.cpp(44,2): warning C4477: 'printf' : format string '%s' requires an argument of type 'char *', but variadic argument 2 has type 'const std::string'
  Text.cpp
C:\Users\NGUYENLINH\Desktop\Spacefr\TrainingFramework\src\GameObject\Text.cpp(24,11): warning C4244: 'initializing': conversion from 'double' to 'float', possible loss of data
C:\Users\NGUYENLINH\Desktop\Spacefr\TrainingFramework\src\GameObject\Text.cpp(25,11): warning C4244: 'initializing': conversion from 'double' to 'float', possible loss of data
C:\Users\NGUYENLINH\Desktop\Spacefr\TrainingFramework\src\GameObject\Text.cpp(171,11): warning C4244: 'initializing': conversion from 'double' to 'float', possible loss of data
C:\Users\NGUYENLINH\Desktop\Spacefr\TrainingFramework\src\GameObject\Text.cpp(172,11): warning C4244: 'initializing': conversion from 'double' to 'float', possible loss of data
C:\Users\NGUYENLINH\Desktop\Spacefr\TrainingFramework\src\GameObject\Text.cpp(182,11): warning C4244: 'initializing': conversion from 'double' to 'float', possible loss of data
C:\Users\NGUYENLINH\Desktop\Spacefr\TrainingFramework\src\GameObject\Text.cpp(183,11): warning C4244: 'initializing': conversion from 'double' to 'float', possible loss of data
  Texture.cpp
  GameStatebase.cpp
  GameStateMachine.cpp
  GSIntro.cpp
C:\Users\NGUYENLINH\Desktop\Spacefr\TrainingFramework\src\GameStates\GSIntro.cpp(26,54): warning C4244: 'argument': conversion from 'int' to 'GLfloat', possible loss of data
C:\Users\NGUYENLINH\Desktop\Spacefr\TrainingFramework\src\GameStates\GSIntro.cpp(26,36): warning C4244: 'argument': conversion from 'int' to 'GLfloat', possible loss of data
  GSMenu.cpp
C:\Users\NGUYENLINH\Desktop\Spacefr\TrainingFramework\src\GameStates\GSMenu.cpp(26,60): warning C4244: 'argument': conversion from 'int' to 'GLfloat', possible loss of data
C:\Users\NGUYENLINH\Desktop\Spacefr\TrainingFramework\src\GameStates\GSMenu.cpp(26,42): warning C4244: 'argument': conversion from 'int' to 'GLfloat', possible loss of data
C:\Users\NGUYENLINH\Desktop\Spacefr\TrainingFramework\src\GameStates\GSMenu.cpp(31,36): warning C4244: 'argument': conversion from 'int' to 'GLfloat', possible loss of data
C:\Users\NGUYENLINH\Desktop\Spacefr\TrainingFramework\src\GameStates\GSMenu.cpp(37,36): warning C4244: 'argument': conversion from 'int' to 'GLfloat', possible loss of data
C:\Users\NGUYENLINH\Desktop\Spacefr\TrainingFramework\src\GameStates\GSMenu.cpp(47,36): warning C4244: 'argument': conversion from 'int' to 'GLfloat', possible loss of data
C:\Users\NGUYENLINH\Desktop\Spacefr\TrainingFramework\src\GameStates\GSMenu.cpp(60,53): warning C4244: 'argument': conversion from 'int' to 'GLfloat', possible loss of data
C:\Program Files (x86)\Microsoft Visual Studio\2019\Community\VC\Tools\MSVC\14.27.29110\include\xmemory(230,33): warning C4244: 'argument': conversion from '_Ty' to 'float', possible loss of data
          with
          [
              _Ty=double
          ]
C:\Program Files (x86)\Microsoft Visual Studio\2019\Community\VC\Tools\MSVC\14.27.29110\include\memory(1428): message : see reference to function template instantiation 'void std::_Construct_in_place<_Ty,std::shared_ptr<Shaders>&,std::shared_ptr<Font>&,const char(&)[5],TEXT_COLOR,double>(_Ty &,std::shared_ptr<Shaders> &,std::shared_ptr<Font> &,const char (&)[5],TEXT_COLOR &&,double &&) noexcept(false)' being compiled
          with
          [
              _Ty=Text
          ]
C:\Program Files (x86)\Microsoft Visual Studio\2019\Community\VC\Tools\MSVC\14.27.29110\include\memory(2072): message : see reference to function template instantiation 'std::_Ref_count_obj2<_Ty>::_Ref_count_obj2<std::shared_ptr<Shaders>&,std::shared_ptr<Font>&,const char(&)[5],TEXT_COLOR,double>(std::shared_ptr<Shaders> &,std::shared_ptr<Font> &,const char (&)[5],TEXT_COLOR &&,double &&)' being compiled
          with
          [
              _Ty=Text
          ]
C:\Program Files (x86)\Microsoft Visual Studio\2019\Community\VC\Tools\MSVC\14.27.29110\include\memory(2072): message : see reference to function template instantiation 'std::_Ref_count_obj2<_Ty>::_Ref_count_obj2<std::shared_ptr<Shaders>&,std::shared_ptr<Font>&,const char(&)[5],TEXT_COLOR,double>(std::shared_ptr<Shaders> &,std::shared_ptr<Font> &,const char (&)[5],TEXT_COLOR &&,double &&)' being compiled
          with
          [
              _Ty=Text
          ]
C:\Users\NGUYENLINH\Desktop\Spacefr\TrainingFramework\src\GameStates\GSMenu.cpp(59): message : see reference to function template instantiation 'std::shared_ptr<Text> std::make_shared<Text,std::shared_ptr<Shaders>&,std::shared_ptr<Font>&,const char(&)[5],TEXT_COLOR,double>(std::shared_ptr<Shaders> &,std::shared_ptr<Font> &,const char (&)[5],TEXT_COLOR &&,double &&)' being compiled
  GSPlay.cpp
C:\Users\NGUYENLINH\Desktop\Spacefr\TrainingFramework\src\GameStates\GSPlay.cpp(40,60): warning C4244: 'argument': conversion from 'int' to 'GLfloat', possible loss of data
C:\Users\NGUYENLINH\Desktop\Spacefr\TrainingFramework\src\GameStates\GSPlay.cpp(40,42): warning C4244: 'argument': conversion from 'int' to 'GLfloat', possible loss of data
C:\Users\NGUYENLINH\Desktop\Spacefr\TrainingFramework\src\GameStates\GSPlay.cpp(55,48): warning C4244: 'argument': conversion from 'int' to 'GLfloat', possible loss of data
C:\Users\NGUYENLINH\Desktop\Spacefr\TrainingFramework\src\GameStates\GSPlay.cpp(55,43): warning C4244: 'argument': conversion from 'int' to 'GLfloat', possible loss of data
C:\Users\NGUYENLINH\Desktop\Spacefr\TrainingFramework\src\GameStates\GSPlay.cpp(66,54): warning C4244: 'argument': conversion from 'int' to 'GLfloat', possible loss of data
C:\Users\NGUYENLINH\Desktop\Spacefr\TrainingFramework\src\GameStates\GSPlay.cpp(66,36): warning C4244: 'argument': conversion from 'int' to 'GLfloat', possible loss of data
C:\Program Files (x86)\Microsoft Visual Studio\2019\Community\VC\Tools\MSVC\14.27.29110\include\xmemory(230,33): warning C4244: 'argument': conversion from '_Ty' to 'float', possible loss of data
          with
          [
              _Ty=double
          ]
C:\Program Files (x86)\Microsoft Visual Studio\2019\Community\VC\Tools\MSVC\14.27.29110\include\memory(1428): message : see reference to function template instantiation 'void std::_Construct_in_place<_Ty,std::shared_ptr<Shaders>&,std::shared_ptr<Font>&,std::basic_string<char,std::char_traits<char>,std::allocator<char>>,TEXT_COLOR,double>(_Ty &,std::shared_ptr<Shaders> &,std::shared_ptr<Font> &,std::basic_string<char,std::char_traits<char>,std::allocator<char>> &&,TEXT_COLOR &&,double &&) noexcept(false)' being compiled
          with
          [
              _Ty=Text
          ]
C:\Program Files (x86)\Microsoft Visual Studio\2019\Community\VC\Tools\MSVC\14.27.29110\include\memory(2072): message : see reference to function template instantiation 'std::_Ref_count_obj2<_Ty>::_Ref_count_obj2<std::shared_ptr<Shaders>&,std::shared_ptr<Font>&,std::basic_string<char,std::char_traits<char>,std::allocator<char>>,TEXT_COLOR,double>(std::shared_ptr<Shaders> &,std::shared_ptr<Font> &,std::basic_string<char,std::char_traits<char>,std::allocator<char>> &&,TEXT_COLOR &&,double &&)' being compiled
          with
          [
              _Ty=Text
          ]
C:\Program Files (x86)\Microsoft Visual Studio\2019\Community\VC\Tools\MSVC\14.27.29110\include\memory(2072): message : see reference to function template instantiation 'std::_Ref_count_obj2<_Ty>::_Ref_count_obj2<std::shared_ptr<Shaders>&,std::shared_ptr<Font>&,std::basic_string<char,std::char_traits<char>,std::allocator<char>>,TEXT_COLOR,double>(std::shared_ptr<Shaders> &,std::shared_ptr<Font> &,std::basic_string<char,std::char_traits<char>,std::allocator<char>> &&,TEXT_COLOR &&,double &&)' being compiled
          with
          [
              _Ty=Text
          ]
C:\Users\NGUYENLINH\Desktop\Spacefr\TrainingFramework\src\GameStates\GSPlay.cpp(47): message : see reference to function template instantiation 'std::shared_ptr<Text> std::make_shared<Text,std::shared_ptr<Shaders>&,std::shared_ptr<Font>&,std::basic_string<char,std::char_traits<char>,std::allocator<char>>,TEXT_COLOR,double>(std::shared_ptr<Shaders> &,std::shared_ptr<Font> &,std::basic_string<char,std::char_traits<char>,std::allocator<char>> &&,TEXT_COLOR &&,double &&)' being compiled
  TrainingFramework.cpp
LINK : warning LNK4098: defaultlib 'LIBCMT' conflicts with use of other libs; use /NODEFAULTLIB:library
  Generating code
  1299 of 1309 functions (99.2%) were compiled, the rest were copied from previous compilation.
    8 functions were new in current compilation
    2 functions had inline decision re-evaluated but remain unchanged
  Finished generating code
  TrainingFramework.vcxproj -> C:\Users\NGUYENLINH\Desktop\Spacefr\\BIN-Nvidia\TrainingFramework.exe
